
             SystemC 2.3.0-ASI --- Apr  8 2014 12:04:41
        Copyright (c) 1996-2012 by all Contributors,
        ALL RIGHTS RESERVED

ArchC: microSD: Loading SD card file: disk.img
ArchC: Reading flat binary file: /home/specg12-1/mc404/simulador/dumboot.bin

Info: (I804) /IEEE_Std_1666/deprecated: interface and/or port binding in port constructors is deprecated
ArchC: -------------------- Starting Simulation --------------------

Dumboot Bootstrap v1.0 - ARM ArchC model at LSC-UNICAMP

Boot Reason: [POR]
Boot Device: [SD]
MMC Initialized.

Transfering control to loaded code at 0x778005e00...

Booted DummyOS.
00000001
00000001 00000001
00000001 00000002 00000001
00000001 00000003 00000003 00000001
00000001 00000004 00000006 00000004 00000001
00000001 00000005 0000000A 0000000A 00000005 00000001
00000001 00000006 0000000F 00000014 0000000F 00000006 00000001
00000001 00000007 00000015 00000023 00000023 00000015 00000007 00000001
00000001 00000008 0000001C 00000038 00000046 00000038 0000001C 00000008 00000001
00000001 00000009 00000024 00000054 0000007E 0000007E 00000054 00000024 00000009 00000001
00000001 0000000A 0000002D 00000078 000000D2 000000FC 000000D2 00000078 0000002D 0000000A 00000001
00000001 0000000B 00000037 000000A5 0000014A 000001CE 000001CE 0000014A 000000A5 00000037 0000000B 00000001
00000001 0000000C 00000042 000000DC 000001EF 00000318 0000039C 00000318 000001EF 000000DC 00000042 0000000C 00000001
00000001 0000000D 0000004E 0000011E 000002CB 00000507 000006B4 000006B4 00000507 000002CB 0000011E 0000004E 0000000D 00000001
00000001 0000000E 0000005B 0000016C 000003E9 000007D2 00000BBB 00000D68 00000BBB 000007D2 000003E9 0000016C 0000005B 0000000E 00000001
00000001 0000000F 00000069 000001C7 00000555 00000BBB 0000138D 00001923 00001923 0000138D 00000BBB 00000555 000001C7 00000069 0000000F 00000001
00000001 00000010 00000078 00000230 0000071C 00001110 00001F48 00002CB0 00003246 00002CB0 00001F48 00001110 0000071C 00000230 00000078 00000010 00000001
00000001 00000011 00000088 000002A8 0000094C 0000182C 00003058 00004BF8 00005EF6 00005EF6 00004BF8 00003058 0000182C 0000094C 000002A8 00000088 00000011 00000001
00000001 00000012 00000099 00000330 00000BF4 00002178 00004884 00007C50 0000AAEE 0000BDEC 0000AAEE 00007C50 00004884 00002178 00000BF4 00000330 00000099 00000012 00000001
00000001 00000013 000000AB 000003C9 00000F24 00002D6C 000069FC 0000C4D4 0001273E 000168DA 000168DA 0001273E 0000C4D4 000069FC 00002D6C 00000F24 000003C9 000000AB 00000013 00000001
00000001 00000014 000000BE 00000474 000012ED 00003C90 00009768 00012ED0 0001EC12 00029018 0002D1B4 00029018 0001EC12 00012ED0 00009768 00003C90 000012ED 00000474 000000BE 00000014 00000001
00000001 00000015 000000D2 00000532 00001761 00004F7D 0000D3F8 0001C638 00031AE2 00047C2A 000561CC 000561CC 00047C2A 00031AE2 0001C638 0000D3F8 00004F7D 00001761 00000532 000000D2 00000015 00000001
00000001 00000016 000000E7 00000604 00001C93 000066DE 00012375 00029A30 0004E11A 0007970C 0009DDF6 000AC398 0009DDF6 0007970C 0004E11A 00029A30 00012375 000066DE 00001C93 00000604 000000E7 00000016 00000001
00000001 00000017 000000FD 000006EB 00002297 00008371 00018A53 0003BDA5 00077B4A 000C7826 00117502 0014A18E 0014A18E 00117502 000C7826 00077B4A 0003BDA5 00018A53 00008371 00002297 000006EB 000000FD 00000017 00000001
00000001 00000018 00000114 000007E8 00002982 0000A608 00020DC4 000547F8 000B38EF 0013F370 001DED28 00261690 0029431C 00261690 001DED28 0013F370 000B38EF 000547F8 00020DC4 0000A608 00002982 000007E8 00000114 00000018 00000001
00000001 00000019 0000012C 000008FC 0000316A 0000CF8A 0002B3CC 000755BC 001080E7 001F2C5F 0031E098 004403B8 004F59AC 004F59AC 004403B8 0031E098 001F2C5F 001080E7 000755BC 0002B3CC 0000CF8A 0000316A 000008FC 0000012C 00000019 00000001
00000001 0000001A 00000145 00000A28 00003A66 000100F4 00038356 000A0988 0017D6A3 002FAD46 00510CF7 0075E450 00935D64 009EB358 00935D64 0075E450 00510CF7 002FAD46 0017D6A3 000A0988 00038356 000100F4 00003A66 00000A28 00000145 0000001A 00000001
00000001 0000001B 0000015F 00000B6D 0000448E 00013B5A 0004844A 000D8CDE 0021E02B 004783E9 0080BA3D 00C6F147 010941B4 013210BC 013210BC 010941B4 00C6F147 0080BA3D 004783E9 0021E02B 000D8CDE 0004844A 00013B5A 0000448E 00000B6D 0000015F 0000001B 00000001
00000001 0000001C 0000017A 00000CCC 00004FFB 00017FE8 0005BFA4 00121128 002F6D09 00696414 00C83E26 0147AB84 01D032FB 023B5270 02642178 023B5270 01D032FB 0147AB84 00C83E26 00696414 002F6D09 00121128 0005BFA4 00017FE8 00004FFB 00000CCC 0000017A 0000001C 00000001
00000001 0000001D 00000196 00000E46 00005CC7 0001CFE3 00073F8C 0017D0CC 00417E31 0098D11D 0131A23A 020FE9AA 0317DE7F 040B856B 049F73E8 049F73E8 040B856B 0317DE7F 020FE9AA 0131A23A 0098D11D 00417E31 0017D0CC 00073F8C 0001CFE3 00005CC7 00000E46 00000196 0000001D 00000001
00000001 0000001E 000001B3 00000FDC 00006B0D 00022CAA 00090F6F 001F1058 00594EFD 00DA4F4E 01CA7357 03418BE4 0527C829 072363EA 08AAF953 093EE7D0 08AAF953 072363EA 0527C829 03418BE4 01CA7357 00DA4F4E 00594EFD 001F1058 00090F6F 00022CAA 00006B0D 00000FDC 000001B3 0000001E 00000001
00000001 0000001F 000001D1 0000118F 00007AE9 000297B7 000B3C19 00281FC7 00785F55 01339E4B 02A4C2A5 050BFF3B 0869540D 0C4B2C13 0FCE5D3D 11E9E123 11E9E123 0FCE5D3D 0C4B2C13 0869540D 050BFF3B 02A4C2A5 01339E4B 00785F55 00281FC7 000B3C19 000297B7 00007AE9 0000118F 000001D1 0000001F 00000001
00000001 00000020 000001F0 00001360 00008C78 000312A0 000DD3D0 00335BE0 00A07F1C 01ABFDA0 03D860F0 07B0C1E0 0D755348 14B48020 1C198950 21B83E60 23D3C246 21B83E60 1C198950 14B48020 0D755348 07B0C1E0 03D860F0 01ABFDA0 00A07F1C 00335BE0 000DD3D0 000312A0 00008C78 00001360 000001F0 00000020 00000001
00000001 00000021 00000210 00001550 00009FD8 00039F18 0010E670 00412FB0 00D3DAFC 024C7CBC 05845E90 0B8922D0 15261528 2229D368 30CE0970 3DD1C7B0 458C00A6 458C00A6 3DD1C7B0 30CE0970 2229D368 15261528 0B8922D0 05845E90 024C7CBC 00D3DAFC 00412FB0 0010E670 00039F18 00009FD8 00001550 00000210 00000021 00000001
00000001 00000022 00000231 00001760 0000B528 00043EF0 00148588 00521620 01150AAC 032057B8 07D0DB4C 110D8160 20AF37F8 374FE890 52F7DCD8 6E9FD120 835DC856 8B18014C 835DC856 6E9FD120 52F7DCD8 374FE890 20AF37F8 110D8160 07D0DB4C 032057B8 01150AAC 00521620 00148588 00043EF0 0000B528 00001760 00000231 00000022 00000001
00000001 00000023 00000253 00001991 0000CC88 0004F418 0018C478 00669BA8 016720CC 04356264 0AF13304 18DE5CAC 31BCB958 57FF2088 8A47C568 C197ADF8 F1FD9976 0E75C9A2 0E75C9A2 F1FD9976 C197ADF8 8A47C568 57FF2088 31BCB958 18DE5CAC 0AF13304 04356264 016720CC 00669BA8 0018C478 0004F418 0000CC88 00001991 00000253 00000023 00000001
00000001 00000024 00000276 00001BE4 0000E619 0005C0A0 001DB890 007F6020 01CDBC74 059C8330 0F269568 23CF8FB0 4A9B1604 89BBD9E0 E246E5F0 4BDF7360 B395476E 00736318 1CEB9344 00736318 B395476E 4BDF7360 E246E5F0 89BBD9E0 4A9B1604 23CF8FB0 0F269568 059C8330 01CDBC74 007F6020 001DB890 0005C0A0 0000E619 00001BE4 00000276 00000024 00000001
00000001 00000025 0000029A 00001E5A 000101FD 0006A6B9 00237930 009D18B0 024D1C94 076A3FA4 14C31898 32F62518 6E6AA5B4 D456EFE4 6C02BFD0 2E265950 FF74BACE B408AA86 1D5EF65C 1D5EF65C B408AA86 FF74BACE 2E265950 6C02BFD0 D456EFE4 6E6AA5B4 32F62518 14C31898 076A3FA4 024D1C94 009D18B0 00237930 0006A6B9 000101FD 00001E5A 0000029A 00000025 00000001
00000001 00000026 000002BF 000020F4 00012057 0007A8B6 002A1FE9 00C091E0 02EA3544 09B75C38 1C2D583C 47B93DB0 A160CACC 42C19598 4059AFB4 9A291920 2D9B141E B37D6554 D167A0E2 3ABDECB8 D167A0E2 B37D6554 2D9B141E 9A291920 4059AFB4 42C19598 A160CACC 47B93DB0 1C2D583C 09B75C38 02EA3544 00C091E0 002A1FE9 0007A8B6 00012057 000020F4 000002BF 00000026 00000001
00000001 00000027 000002E5 000023B3 0001414B 0008C90D 0031C89F 00EAB1C9 03AAC724 0CA1917C 25E4B474 63E695EC E91A087C E4226064 831B454C DA82C8D4 C7C42D3E E1187972 84E50636 0C258D9A 0C258D9A 84E50636 E1187972 C7C42D3E DA82C8D4 831B454C E4226064 E91A087C 63E695EC 25E4B474 0CA1917C 03AAC724 00EAB1C9 0031C89F 0008C90D 0001414B 000023B3 000002E5 00000027 00000001
00000001 00000028 0000030C 00002698 000164FE 000A0A58 003A91AC 011C7A68 049578ED 104C58A0 328645F0 89CB4A60 4D009E68 CD3C68E0 673DA5B0 5D9E0E20 A246F612 A8DCA6B0 65FD7FA8 910A93D0 184B1B34 910A93D0 65FD7FA8 A8DCA6B0 A246F612 5D9E0E20 673DA5B0 CD3C68E0 4D009E68 89CB4A60 328645F0 104C58A0 049578ED 011C7A68 003A91AC 000A0A58 000164FE 00002698 0000030C 00000028 00000001
00000001 00000029 00000334 000029A4 00018B96 000B6F56 00449C04 01570C14 05B1F355 14E1D18D 42D29E90 BC519050 D6CBE8C8 1A3D0748 347A0E90 C4DBB3D0 FFE50432 4B239CC2 0EDA2658 F7081378 A955AF04 A955AF04 F7081378 0EDA2658 4B239CC2 FFE50432 C4DBB3D0 347A0E90 1A3D0748 D6CBE8C8 BC519050 42D29E90 14E1D18D 05B1F355 01570C14 00449C04 000B6F56 00018B96 000029A4 00000334 00000029 00000001
ArchC: INTERUPTED BY THE SIGNAL 2
ArchC: Simulation statistics
    Times: 2.80 user, 0.12 system, 2.97 real
    Number of instructions executed: 38776021
    Simulation speed: 13848.58 K instr/s
